<?xml version="1.0" encoding="UTF-8"?>
<testng-results skipped="0" failed="1" total="2" passed="1">
  <reporter-output>
  </reporter-output>
  <suite name="Policy_Grid_Compare_Suite" duration-ms="71433" started-at="2018-11-11T17:16:51Z" finished-at="2018-11-11T17:18:02Z">
    <groups>
    </groups>
    <test name="US 241573" duration-ms="71433" started-at="2018-11-11T17:16:51Z" finished-at="2018-11-11T17:18:02Z">
      <class name="com.plefs.gpr.script.US_241573">
        <test-method status="PASS" signature="beforeSuite()[pri:0, instance:com.plefs.gpr.script.US_241573@8bd1b6a]" name="beforeSuite" is-config="true" duration-ms="696" started-at="2018-11-11T22:46:50Z" finished-at="2018-11-11T22:46:51Z">
          <reporter-output>
          </reporter-output>
        </test-method> <!-- beforeSuite -->
        <test-method status="PASS" signature="beforeTest(java.lang.String)[pri:0, instance:com.plefs.gpr.script.US_241573@8bd1b6a]" name="beforeTest" is-config="true" duration-ms="62429" started-at="2018-11-11T22:46:51Z" finished-at="2018-11-11T22:47:53Z">
          <params>
            <param index="0">
              <value>
                <![CDATA[241573]]>
              </value>
            </param>
          </params>
          <reporter-output>
          </reporter-output>
        </test-method> <!-- beforeTest -->
        <test-method status="PASS" signature="TC_01()[pri:0, instance:com.plefs.gpr.script.US_241573@8bd1b6a]" name="TC_01" duration-ms="4277" started-at="2018-11-11T22:47:53Z" finished-at="2018-11-11T22:47:57Z">
          <reporter-output>
          </reporter-output>
        </test-method> <!-- TC_01 -->
        <test-method status="FAIL" signature="TC_02()[pri:0, instance:com.plefs.gpr.script.US_241573@8bd1b6a]" name="TC_02" duration-ms="451" started-at="2018-11-11T22:47:57Z" finished-at="2018-11-11T22:47:58Z">
          <exception class="java.lang.AssertionError">
            <message>
              <![CDATA[null]]>
            </message>
            <full-stacktrace>
              <![CDATA[java.lang.AssertionError: null
	at org.testng.Assert.fail(Assert.java:94)
	at org.testng.Assert.fail(Assert.java:101)
	at com.plefs.gpr.backends.Backend.displaySkipException(Backend.java:291)
	at com.plefs.gpr.script.US_241573.TC_02(US_241573.java:151)
	at sun.reflect.NativeMethodAccessorImpl.invoke0(Native Method)
	at sun.reflect.NativeMethodAccessorImpl.invoke(NativeMethodAccessorImpl.java:62)
	at sun.reflect.DelegatingMethodAccessorImpl.invoke(DelegatingMethodAccessorImpl.java:43)
	at java.lang.reflect.Method.invoke(Method.java:498)
	at org.testng.internal.MethodInvocationHelper.invokeMethod(MethodInvocationHelper.java:85)
	at org.testng.internal.Invoker.invokeMethod(Invoker.java:639)
	at org.testng.internal.Invoker.invokeTestMethod(Invoker.java:816)
	at org.testng.internal.Invoker.invokeTestMethods(Invoker.java:1124)
	at org.testng.internal.TestMethodWorker.invokeTestMethods(TestMethodWorker.java:125)
	at org.testng.internal.TestMethodWorker.run(TestMethodWorker.java:108)
	at org.testng.TestRunner.privateRun(TestRunner.java:774)
	at org.testng.TestRunner.run(TestRunner.java:624)
	at org.testng.SuiteRunner.runTest(SuiteRunner.java:359)
	at org.testng.SuiteRunner.runSequentially(SuiteRunner.java:354)
	at org.testng.SuiteRunner.privateRun(SuiteRunner.java:312)
	at org.testng.SuiteRunner.run(SuiteRunner.java:261)
	at org.testng.SuiteRunnerWorker.runSuite(SuiteRunnerWorker.java:52)
	at org.testng.SuiteRunnerWorker.run(SuiteRunnerWorker.java:86)
	at org.testng.TestNG.runSuitesSequentially(TestNG.java:1215)
	at org.testng.TestNG.runSuitesLocally(TestNG.java:1140)
	at org.testng.TestNG.run(TestNG.java:1048)
	at org.apache.maven.surefire.testng.TestNGExecutor.run(TestNGExecutor.java:283)
	at org.apache.maven.surefire.testng.TestNGXmlTestSuite.execute(TestNGXmlTestSuite.java:75)
	at org.apache.maven.surefire.testng.TestNGProvider.invoke(TestNGProvider.java:120)
	at org.apache.maven.surefire.booter.ForkedBooter.invokeProviderInSameClassLoader(ForkedBooter.java:383)
	at org.apache.maven.surefire.booter.ForkedBooter.runSuitesInProcess(ForkedBooter.java:344)
	at org.apache.maven.surefire.booter.ForkedBooter.execute(ForkedBooter.java:125)
	at org.apache.maven.surefire.booter.ForkedBooter.main(ForkedBooter.java:417)
]]>
            </full-stacktrace>
          </exception> <!-- java.lang.AssertionError -->
          <reporter-output>
          </reporter-output>
        </test-method> <!-- TC_02 -->
        <test-method status="PASS" signature="afterTest()[pri:0, instance:com.plefs.gpr.script.US_241573@8bd1b6a]" name="afterTest" is-config="true" duration-ms="2813" started-at="2018-11-11T22:47:59Z" finished-at="2018-11-11T22:48:02Z">
          <reporter-output>
          </reporter-output>
        </test-method> <!-- afterTest -->
        <test-method status="PASS" signature="afterSuite()[pri:0, instance:com.plefs.gpr.script.US_241573@8bd1b6a]" name="afterSuite" is-config="true" duration-ms="15298" started-at="2018-11-11T22:48:04Z" finished-at="2018-11-11T22:48:20Z">
          <reporter-output>
          </reporter-output>
        </test-method> <!-- afterSuite -->
      </class> <!-- com.plefs.gpr.script.US_241573 -->
    </test> <!-- US 241573 -->
  </suite> <!-- Policy_Grid_Compare_Suite -->
</testng-results>
